<?xml version="1.0" encoding="UTF-8"?>
<testsuite xmlns:xsi="http://www.w3.org/2001/XMLSchema-instance" xsi:noNamespaceSchemaLocation="https://maven.apache.org/surefire/maven-surefire-plugin/xsd/surefire-test-report.xsd" name="com.unisys.verfuture.Verfuture_TestSuite" time="25.893" tests="17" errors="0" skipped="0" failures="0">
  <properties>
    <property name="awt.toolkit" value="sun.awt.X11.XToolkit"/>
    <property name="file.encoding.pkg" value="sun.io"/>
    <property name="java.specification.version" value="1.8"/>
    <property name="sun.cpu.isalist" value=""/>
    <property name="sun.jnu.encoding" value="UTF-8"/>
    <property name="java.class.path" value="/usr/src/mvn-src/target/test-classes:/usr/src/mvn-src/target/classes:/root/.m2/repository/io/github/bonigarcia/webdrivermanager/2.2.1/webdrivermanager-2.2.1.jar:/root/.m2/repository/org/slf4j/slf4j-api/1.7.24/slf4j-api-1.7.24.jar:/root/.m2/repository/com/google/code/gson/gson/2.8.0/gson-2.8.0.jar:/root/.m2/repository/org/apache/commons/commons-lang3/3.5/commons-lang3-3.5.jar:/root/.m2/repository/org/apache/httpcomponents/httpclient/4.5.3/httpclient-4.5.3.jar:/root/.m2/repository/org/rauschig/jarchivelib/0.7.1/jarchivelib-0.7.1.jar:/root/.m2/repository/org/apache/commons/commons-compress/1.9/commons-compress-1.9.jar:/root/.m2/repository/org/jsoup/jsoup/1.10.2/jsoup-1.10.2.jar:/root/.m2/repository/ch/qos/logback/logback-classic/1.2.3/logback-classic-1.2.3.jar:/root/.m2/repository/ch/qos/logback/logback-core/1.2.3/logback-core-1.2.3.jar:/root/.m2/repository/org/hamcrest/hamcrest-all/1.3/hamcrest-all-1.3.jar:/root/.m2/repository/com/fasterxml/jackson/core/jackson-databind/2.9.6/jackson-databind-2.9.6.jar:/root/.m2/repository/com/fasterxml/jackson/core/jackson-annotations/2.9.0/jackson-annotations-2.9.0.jar:/root/.m2/repository/com/fasterxml/jackson/core/jackson-core/2.9.6/jackson-core-2.9.6.jar:/root/.m2/repository/com/jayway/restassured/rest-assured/2.9.0/rest-assured-2.9.0.jar:/root/.m2/repository/org/codehaus/groovy/groovy/2.4.4/groovy-2.4.4.jar:/root/.m2/repository/org/codehaus/groovy/groovy-xml/2.4.4/groovy-xml-2.4.4.jar:/root/.m2/repository/org/apache/httpcomponents/httpmime/4.5.1/httpmime-4.5.1.jar:/root/.m2/repository/org/hamcrest/hamcrest-core/1.3/hamcrest-core-1.3.jar:/root/.m2/repository/org/hamcrest/hamcrest-library/1.3/hamcrest-library-1.3.jar:/root/.m2/repository/org/ccil/cowan/tagsoup/tagsoup/1.2.1/tagsoup-1.2.1.jar:/root/.m2/repository/com/jayway/restassured/json-path/2.9.0/json-path-2.9.0.jar:/root/.m2/repository/org/codehaus/groovy/groovy-json/2.4.4/groovy-json-2.4.4.jar:/root/.m2/repository/com/jayway/restassured/rest-assured-common/2.9.0/rest-assured-common-2.9.0.jar:/root/.m2/repository/com/jayway/restassured/xml-path/2.9.0/xml-path-2.9.0.jar:/root/.m2/repository/commons-io/commons-io/2.5/commons-io-2.5.jar:/root/.m2/repository/junit/junit/4.11/junit-4.11.jar:/root/.m2/repository/org/apache/poi/poi-ooxml/3.17/poi-ooxml-3.17.jar:/root/.m2/repository/com/github/virtuald/curvesapi/1.04/curvesapi-1.04.jar:/root/.m2/repository/org/apache/poi/poi-ooxml-schemas/3.17/poi-ooxml-schemas-3.17.jar:/root/.m2/repository/org/apache/xmlbeans/xmlbeans/2.6.0/xmlbeans-2.6.0.jar:/root/.m2/repository/stax/stax-api/1.0.1/stax-api-1.0.1.jar:/root/.m2/repository/org/apache/poi/poi-scratchpad/3.2-FINAL/poi-scratchpad-3.2-FINAL.jar:/root/.m2/repository/commons-logging/commons-logging/1.1/commons-logging-1.1.jar:/root/.m2/repository/log4j/log4j/1.2.13/log4j-1.2.13.jar:/root/.m2/repository/org/apache/poi/ooxml-schemas/1.0/ooxml-schemas-1.0.jar:/root/.m2/repository/org/apache/poi/openxml4j/1.0-beta/openxml4j-1.0-beta.jar:/root/.m2/repository/dom4j/dom4j/1.6.1/dom4j-1.6.1.jar:/root/.m2/repository/org/apache/poi/poi/3.17/poi-3.17.jar:/root/.m2/repository/commons-codec/commons-codec/1.10/commons-codec-1.10.jar:/root/.m2/repository/org/apache/commons/commons-collections4/4.1/commons-collections4-4.1.jar:/root/.m2/repository/com/aventstack/extentreports/3.0.0/extentreports-3.0.0.jar:/root/.m2/repository/org/mongodb/mongodb-driver/3.3.0/mongodb-driver-3.3.0.jar:/root/.m2/repository/org/mongodb/bson/3.3.0/bson-3.3.0.jar:/root/.m2/repository/org/mongodb/mongodb-driver-core/3.3.0/mongodb-driver-core-3.3.0.jar:/root/.m2/repository/org/seleniumhq/selenium/selenium-java/3.12.0/selenium-java-3.12.0.jar:/root/.m2/repository/org/seleniumhq/selenium/selenium-api/3.12.0/selenium-api-3.12.0.jar:/root/.m2/repository/org/seleniumhq/selenium/selenium-chrome-driver/3.12.0/selenium-chrome-driver-3.12.0.jar:/root/.m2/repository/org/seleniumhq/selenium/selenium-edge-driver/3.12.0/selenium-edge-driver-3.12.0.jar:/root/.m2/repository/org/seleniumhq/selenium/selenium-ie-driver/3.12.0/selenium-ie-driver-3.12.0.jar:/root/.m2/repository/org/seleniumhq/selenium/selenium-opera-driver/3.12.0/selenium-opera-driver-3.12.0.jar:/root/.m2/repository/org/seleniumhq/selenium/selenium-remote-driver/3.12.0/selenium-remote-driver-3.12.0.jar:/root/.m2/repository/org/seleniumhq/selenium/selenium-safari-driver/3.12.0/selenium-safari-driver-3.12.0.jar:/root/.m2/repository/org/seleniumhq/selenium/selenium-support/3.12.0/selenium-support-3.12.0.jar:/root/.m2/repository/net/bytebuddy/byte-buddy/1.8.3/byte-buddy-1.8.3.jar:/root/.m2/repository/org/apache/commons/commons-exec/1.3/commons-exec-1.3.jar:/root/.m2/repository/com/google/guava/guava/23.6-jre/guava-23.6-jre.jar:/root/.m2/repository/com/google/code/findbugs/jsr305/1.3.9/jsr305-1.3.9.jar:/root/.m2/repository/org/checkerframework/checker-compat-qual/2.0.0/checker-compat-qual-2.0.0.jar:/root/.m2/repository/com/google/errorprone/error_prone_annotations/2.1.3/error_prone_annotations-2.1.3.jar:/root/.m2/repository/com/google/j2objc/j2objc-annotations/1.1/j2objc-annotations-1.1.jar:/root/.m2/repository/org/codehaus/mojo/animal-sniffer-annotations/1.14/animal-sniffer-annotations-1.14.jar:/root/.m2/repository/org/apache/httpcomponents/httpcore/4.4.6/httpcore-4.4.6.jar:/root/.m2/repository/com/squareup/okhttp3/okhttp/3.9.1/okhttp-3.9.1.jar:/root/.m2/repository/com/squareup/okio/okio/1.13.0/okio-1.13.0.jar:/root/.m2/repository/org/seleniumhq/selenium/selenium-firefox-driver/3.12.0/selenium-firefox-driver-3.12.0.jar:/root/.m2/repository/info/cukes/cucumber-java/1.2.5/cucumber-java-1.2.5.jar:/root/.m2/repository/info/cukes/cucumber-core/1.2.5/cucumber-core-1.2.5.jar:/root/.m2/repository/info/cukes/cucumber-html/0.2.3/cucumber-html-0.2.3.jar:/root/.m2/repository/info/cukes/cucumber-jvm-deps/1.0.5/cucumber-jvm-deps-1.0.5.jar:/root/.m2/repository/info/cukes/gherkin/2.12.2/gherkin-2.12.2.jar:/root/.m2/repository/info/cukes/cucumber-junit/1.2.5/cucumber-junit-1.2.5.jar:/root/.m2/repository/org/freemarker/freemarker/2.3.26-incubating/freemarker-2.3.26-incubating.jar:/root/.m2/repository/xml-apis/xml-apis/1.4.01/xml-apis-1.4.01.jar:"/>
    <property name="java.vm.vendor" value="Oracle Corporation"/>
    <property name="sun.arch.data.model" value="64"/>
    <property name="java.vendor.url" value="http://java.oracle.com/"/>
    <property name="user.timezone" value=""/>
    <property name="java.vm.specification.version" value="1.8"/>
    <property name="os.name" value="Linux"/>
    <property name="user.country" value="US"/>
    <property name="sun.java.launcher" value="SUN_STANDARD"/>
    <property name="sun.boot.library.path" value="/usr/lib/jvm/java-1.8-openjdk/jre/lib/amd64"/>
    <property name="sun.java.command" value="/usr/src/mvn-src/target/surefire/surefirebooter6820807371379666906.jar /usr/src/mvn-src/target/surefire 2018-08-28T14-47-34_637-jvmRun1 surefire7440940081742758909tmp surefire_02025117332493367665tmp"/>
    <property name="surefire.test.class.path" value="/usr/src/mvn-src/target/test-classes:/usr/src/mvn-src/target/classes:/root/.m2/repository/io/github/bonigarcia/webdrivermanager/2.2.1/webdrivermanager-2.2.1.jar:/root/.m2/repository/org/slf4j/slf4j-api/1.7.24/slf4j-api-1.7.24.jar:/root/.m2/repository/com/google/code/gson/gson/2.8.0/gson-2.8.0.jar:/root/.m2/repository/org/apache/commons/commons-lang3/3.5/commons-lang3-3.5.jar:/root/.m2/repository/org/apache/httpcomponents/httpclient/4.5.3/httpclient-4.5.3.jar:/root/.m2/repository/org/rauschig/jarchivelib/0.7.1/jarchivelib-0.7.1.jar:/root/.m2/repository/org/apache/commons/commons-compress/1.9/commons-compress-1.9.jar:/root/.m2/repository/org/jsoup/jsoup/1.10.2/jsoup-1.10.2.jar:/root/.m2/repository/ch/qos/logback/logback-classic/1.2.3/logback-classic-1.2.3.jar:/root/.m2/repository/ch/qos/logback/logback-core/1.2.3/logback-core-1.2.3.jar:/root/.m2/repository/org/hamcrest/hamcrest-all/1.3/hamcrest-all-1.3.jar:/root/.m2/repository/com/fasterxml/jackson/core/jackson-databind/2.9.6/jackson-databind-2.9.6.jar:/root/.m2/repository/com/fasterxml/jackson/core/jackson-annotations/2.9.0/jackson-annotations-2.9.0.jar:/root/.m2/repository/com/fasterxml/jackson/core/jackson-core/2.9.6/jackson-core-2.9.6.jar:/root/.m2/repository/com/jayway/restassured/rest-assured/2.9.0/rest-assured-2.9.0.jar:/root/.m2/repository/org/codehaus/groovy/groovy/2.4.4/groovy-2.4.4.jar:/root/.m2/repository/org/codehaus/groovy/groovy-xml/2.4.4/groovy-xml-2.4.4.jar:/root/.m2/repository/org/apache/httpcomponents/httpmime/4.5.1/httpmime-4.5.1.jar:/root/.m2/repository/org/hamcrest/hamcrest-core/1.3/hamcrest-core-1.3.jar:/root/.m2/repository/org/hamcrest/hamcrest-library/1.3/hamcrest-library-1.3.jar:/root/.m2/repository/org/ccil/cowan/tagsoup/tagsoup/1.2.1/tagsoup-1.2.1.jar:/root/.m2/repository/com/jayway/restassured/json-path/2.9.0/json-path-2.9.0.jar:/root/.m2/repository/org/codehaus/groovy/groovy-json/2.4.4/groovy-json-2.4.4.jar:/root/.m2/repository/com/jayway/restassured/rest-assured-common/2.9.0/rest-assured-common-2.9.0.jar:/root/.m2/repository/com/jayway/restassured/xml-path/2.9.0/xml-path-2.9.0.jar:/root/.m2/repository/commons-io/commons-io/2.5/commons-io-2.5.jar:/root/.m2/repository/junit/junit/4.11/junit-4.11.jar:/root/.m2/repository/org/apache/poi/poi-ooxml/3.17/poi-ooxml-3.17.jar:/root/.m2/repository/com/github/virtuald/curvesapi/1.04/curvesapi-1.04.jar:/root/.m2/repository/org/apache/poi/poi-ooxml-schemas/3.17/poi-ooxml-schemas-3.17.jar:/root/.m2/repository/org/apache/xmlbeans/xmlbeans/2.6.0/xmlbeans-2.6.0.jar:/root/.m2/repository/stax/stax-api/1.0.1/stax-api-1.0.1.jar:/root/.m2/repository/org/apache/poi/poi-scratchpad/3.2-FINAL/poi-scratchpad-3.2-FINAL.jar:/root/.m2/repository/commons-logging/commons-logging/1.1/commons-logging-1.1.jar:/root/.m2/repository/log4j/log4j/1.2.13/log4j-1.2.13.jar:/root/.m2/repository/org/apache/poi/ooxml-schemas/1.0/ooxml-schemas-1.0.jar:/root/.m2/repository/org/apache/poi/openxml4j/1.0-beta/openxml4j-1.0-beta.jar:/root/.m2/repository/dom4j/dom4j/1.6.1/dom4j-1.6.1.jar:/root/.m2/repository/org/apache/poi/poi/3.17/poi-3.17.jar:/root/.m2/repository/commons-codec/commons-codec/1.10/commons-codec-1.10.jar:/root/.m2/repository/org/apache/commons/commons-collections4/4.1/commons-collections4-4.1.jar:/root/.m2/repository/com/aventstack/extentreports/3.0.0/extentreports-3.0.0.jar:/root/.m2/repository/org/mongodb/mongodb-driver/3.3.0/mongodb-driver-3.3.0.jar:/root/.m2/repository/org/mongodb/bson/3.3.0/bson-3.3.0.jar:/root/.m2/repository/org/mongodb/mongodb-driver-core/3.3.0/mongodb-driver-core-3.3.0.jar:/root/.m2/repository/org/seleniumhq/selenium/selenium-java/3.12.0/selenium-java-3.12.0.jar:/root/.m2/repository/org/seleniumhq/selenium/selenium-api/3.12.0/selenium-api-3.12.0.jar:/root/.m2/repository/org/seleniumhq/selenium/selenium-chrome-driver/3.12.0/selenium-chrome-driver-3.12.0.jar:/root/.m2/repository/org/seleniumhq/selenium/selenium-edge-driver/3.12.0/selenium-edge-driver-3.12.0.jar:/root/.m2/repository/org/seleniumhq/selenium/selenium-ie-driver/3.12.0/selenium-ie-driver-3.12.0.jar:/root/.m2/repository/org/seleniumhq/selenium/selenium-opera-driver/3.12.0/selenium-opera-driver-3.12.0.jar:/root/.m2/repository/org/seleniumhq/selenium/selenium-remote-driver/3.12.0/selenium-remote-driver-3.12.0.jar:/root/.m2/repository/org/seleniumhq/selenium/selenium-safari-driver/3.12.0/selenium-safari-driver-3.12.0.jar:/root/.m2/repository/org/seleniumhq/selenium/selenium-support/3.12.0/selenium-support-3.12.0.jar:/root/.m2/repository/net/bytebuddy/byte-buddy/1.8.3/byte-buddy-1.8.3.jar:/root/.m2/repository/org/apache/commons/commons-exec/1.3/commons-exec-1.3.jar:/root/.m2/repository/com/google/guava/guava/23.6-jre/guava-23.6-jre.jar:/root/.m2/repository/com/google/code/findbugs/jsr305/1.3.9/jsr305-1.3.9.jar:/root/.m2/repository/org/checkerframework/checker-compat-qual/2.0.0/checker-compat-qual-2.0.0.jar:/root/.m2/repository/com/google/errorprone/error_prone_annotations/2.1.3/error_prone_annotations-2.1.3.jar:/root/.m2/repository/com/google/j2objc/j2objc-annotations/1.1/j2objc-annotations-1.1.jar:/root/.m2/repository/org/codehaus/mojo/animal-sniffer-annotations/1.14/animal-sniffer-annotations-1.14.jar:/root/.m2/repository/org/apache/httpcomponents/httpcore/4.4.6/httpcore-4.4.6.jar:/root/.m2/repository/com/squareup/okhttp3/okhttp/3.9.1/okhttp-3.9.1.jar:/root/.m2/repository/com/squareup/okio/okio/1.13.0/okio-1.13.0.jar:/root/.m2/repository/org/seleniumhq/selenium/selenium-firefox-driver/3.12.0/selenium-firefox-driver-3.12.0.jar:/root/.m2/repository/info/cukes/cucumber-java/1.2.5/cucumber-java-1.2.5.jar:/root/.m2/repository/info/cukes/cucumber-core/1.2.5/cucumber-core-1.2.5.jar:/root/.m2/repository/info/cukes/cucumber-html/0.2.3/cucumber-html-0.2.3.jar:/root/.m2/repository/info/cukes/cucumber-jvm-deps/1.0.5/cucumber-jvm-deps-1.0.5.jar:/root/.m2/repository/info/cukes/gherkin/2.12.2/gherkin-2.12.2.jar:/root/.m2/repository/info/cukes/cucumber-junit/1.2.5/cucumber-junit-1.2.5.jar:/root/.m2/repository/org/freemarker/freemarker/2.3.26-incubating/freemarker-2.3.26-incubating.jar:/root/.m2/repository/xml-apis/xml-apis/1.4.01/xml-apis-1.4.01.jar:"/>
    <property name="sun.cpu.endian" value="little"/>
    <property name="user.home" value="/root"/>
    <property name="user.language" value="en"/>
    <property name="java.specification.vendor" value="Oracle Corporation"/>
    <property name="java.home" value="/usr/lib/jvm/java-1.8-openjdk/jre"/>
    <property name="basedir" value="/usr/src/mvn-src"/>
    <property name="file.separator" value="/"/>
    <property name="line.separator" value="&#10;"/>
    <property name="java.vm.specification.vendor" value="Oracle Corporation"/>
    <property name="java.specification.name" value="Java Platform API Specification"/>
    <property name="java.awt.graphicsenv" value="sun.awt.X11GraphicsEnvironment"/>
    <property name="surefire.real.class.path" value="/usr/src/mvn-src/target/surefire/surefirebooter6820807371379666906.jar"/>
    <property name="sun.boot.class.path" value="/usr/lib/jvm/java-1.8-openjdk/jre/lib/resources.jar:/usr/lib/jvm/java-1.8-openjdk/jre/lib/rt.jar:/usr/lib/jvm/java-1.8-openjdk/jre/lib/sunrsasign.jar:/usr/lib/jvm/java-1.8-openjdk/jre/lib/jsse.jar:/usr/lib/jvm/java-1.8-openjdk/jre/lib/jce.jar:/usr/lib/jvm/java-1.8-openjdk/jre/lib/charsets.jar:/usr/lib/jvm/java-1.8-openjdk/jre/lib/jfr.jar:/usr/lib/jvm/java-1.8-openjdk/jre/classes"/>
    <property name="sun.management.compiler" value="HotSpot 64-Bit Tiered Compilers"/>
    <property name="java.runtime.version" value="1.8.0_171-b11"/>
    <property name="user.name" value="root"/>
    <property name="path.separator" value=":"/>
    <property name="os.version" value="4.9.93-boot2docker"/>
    <property name="java.endorsed.dirs" value="/usr/lib/jvm/java-1.8-openjdk/jre/lib/endorsed"/>
    <property name="java.runtime.name" value="OpenJDK Runtime Environment"/>
    <property name="file.encoding" value="UTF-8"/>
    <property name="java.vm.name" value="OpenJDK 64-Bit Server VM"/>
    <property name="localRepository" value="/root/.m2/repository"/>
    <property name="java.vendor.url.bug" value="http://bugreport.sun.com/bugreport/"/>
    <property name="java.io.tmpdir" value="/tmp"/>
    <property name="java.version" value="1.8.0_171"/>
    <property name="user.dir" value="/usr/src/mvn-src"/>
    <property name="os.arch" value="amd64"/>
    <property name="java.vm.specification.name" value="Java Virtual Machine Specification"/>
    <property name="java.awt.printerjob" value="sun.print.PSPrinterJob"/>
    <property name="sun.os.patch.level" value="unknown"/>
    <property name="java.library.path" value="/usr/lib/jvm/java-1.8-openjdk/jre/lib/amd64/server:/usr/lib/jvm/java-1.8-openjdk/jre/lib/amd64:/usr/lib/jvm/java-1.8-openjdk/jre/../lib/amd64:/usr/java/packages/lib/amd64:/usr/lib64:/lib64:/lib:/usr/lib"/>
    <property name="java.vm.info" value="mixed mode"/>
    <property name="java.vendor" value="Oracle Corporation"/>
    <property name="java.vm.version" value="25.171-b11"/>
    <property name="java.ext.dirs" value="/usr/lib/jvm/java-1.8-openjdk/jre/lib/ext:/usr/java/packages/lib/ext"/>
    <property name="sun.io.unicode.encoding" value="UnicodeLittle"/>
    <property name="java.class.version" value="52.0"/>
  </properties>
  <testcase name="Given User  is on home page" classname="Scenario: Employee should be able to submit a form" time="0.009"/>
  <testcase name="When click on FormsPage" classname="Scenario: Employee should be able to submit a form" time="0.004"/>
  <testcase name="Then FormsPage gets opened" classname="Scenario: Employee should be able to submit a form" time="0.01"/>
  <testcase name="Then User clicks I9FormLink" classname="Scenario: Employee should be able to submit a form" time="0.003"/>
  <testcase name="Then user can fill the form with name &quot;sample_nm&quot;,alias_Name &quot;aliasNm&quot;,date_of_birth &quot;20071989&quot; ,current_addr &quot;1234&quot;and status &quot;Visa&quot;" classname="Scenario: Employee should be able to submit a form" time="0"/>
  <testcase name="And user should be able to enter alienno &quot;a1234&quot;" classname="Scenario: Employee should be able to submit a form" time="0"/>
  <testcase name="Then click on submit button" classname="Scenario: Employee should be able to submit a form" time="0.002"/>
  <testcase name="Scenario: Employee should be able to submit a form" classname="Scenario: Employee should be able to submit a form" time="0.14"/>
  <testcase name="Given User  is on home page" classname="Scenario: Employee should be able to edit the form" time="0"/>
  <testcase name="When click on FormsPage" classname="Scenario: Employee should be able to edit the form" time="0.001"/>
  <testcase name="Then FormsPage gets opened" classname="Scenario: Employee should be able to edit the form" time="0.005"/>
  <testcase name="Then User clicks FindI9FormPageLink" classname="Scenario: Employee should be able to edit the form" time="0"/>
  <testcase name="Then User enters formid &quot;1234&quot;" classname="Scenario: Employee should be able to edit the form" time="0"/>
  <testcase name="And clicks on submit button" classname="Scenario: Employee should be able to edit the form" time="0"/>
  <testcase name="Then form details get displayed" classname="Scenario: Employee should be able to edit the form" time="0.001"/>
  <testcase name="Then close the browser" classname="Scenario: Employee should be able to edit the form" time="0.004"/>
  <testcase name="Scenario: Employee should be able to edit the form" classname="Scenario: Employee should be able to edit the form" time="0.028"/>
</testsuite>